1 Sun Dec 23 10:45:32 2012
2 Sun Dec 23 10:45:35 2012
3 Sun Dec 23 10:45:38 2012
4 Sun Dec 23 10:45:41 2012
5 Sun Dec 23 10:45:43 2012
6 Sun Dec 23 11:06:50 2012
7 Sun Dec 23 11:23:51 2012
8 Sun Dec 23 11:30:36 2012
9 Sun Dec 23 11:31:05 2012
10 Sun Dec 23 12:46:04 2012
11 Sun Dec 23 13:08:14 2012
12 Sun Dec 23 13:10:47 2012
13 Sun Dec 23 13:12:27 2012
14 Sun Dec 23 13:13:57 2012
15 Sun Dec 23 13:14:24 2012
16 Sun Dec 23 13:23:39 2012
17 Sun Dec 23 13:26:13 2012
18 Sun Dec 23 13:38:17 2012
19 Sun Dec 23 13:39:26 2012
20 Sun Dec 23 13:42:09 2012
21 Sun Dec 23 20:52:59 2012
22 Sun Dec 23 21:15:01 2012
23 Sun Dec 23 21:15:19 2012
24 Sun Dec 23 22:04:39 2012
25 Sun Dec 23 22:13:13 2012
26 Sun Dec 23 22:13:27 2012
27 Sun Dec 23 22:17:06 2012
28 Sun Dec 23 22:31:02 2012
29 Sun Dec 23 22:40:42 2012
30 Sun Dec 23 22:42:17 2012
31 Sun Dec 23 22:42:55 2012
32 Sun Dec 23 22:52:16 2012
33 Sun Dec 23 22:52:45 2012
34 Sun Dec 23 22:57:39 2012
35 Sun Dec 23 23:07:12 2012
36 Sun Dec 23 23:07:25 2012
37 Sun Dec 23 23:11:45 2012
38 Sun Dec 23 23:36:30 2012
39 Sun Dec 23 23:36:53 2012
40 Sun Dec 23 23:48:53 2012
41 Sun Dec 23 23:56:24 2012
42 Mon Dec 24 00:27:47 2012
43 Mon Dec 24 23:48:55 2012
44 Tue Dec 25 20:10:41 2012
45 Tue Dec 25 20:12:09 2012
46 Tue Dec 25 20:18:22 2012
47 Tue Dec 25 20:22:05 2012
48 Tue Dec 25 20:27:49 2012
49 Tue Dec 25 20:33:54 2012
50 Tue Dec 25 20:38:27 2012
51 Tue Dec 25 20:40:01 2012
52 Tue Dec 25 20:43:49 2012
53 Tue Dec 25 20:44:01 2012
54 Tue Dec 25 20:44:25 2012
55 Tue Dec 25 20:55:03 2012
56 Tue Dec 25 20:58:03 2012
57 Tue Dec 25 21:11:38 2012
58 Tue Dec 25 21:42:24 2012
59 Tue Dec 25 21:43:08 2012
60 Tue Dec 25 21:48:37 2012
61 Wed Dec 26 08:30:39 2012
62 Wed Dec 26 21:42:01 2012
63 Wed Dec 26 21:51:39 2012
64 Sat Dec 29 08:55:25 2012
65 Sat Dec 29 10:26:34 2012
66 Sat Dec 29 10:27:15 2012
67 Sat Dec 29 10:38:35 2012
68 Sat Dec 29 13:14:23 2012
69 Sat Dec 29 13:16:26 2012
70 Sat Dec 29 13:18:08 2012
71 Sat Dec 29 15:26:21 2012
72 Sat Dec 29 15:27:46 2012
73 Sat Dec 29 15:34:06 2012
74 Sat Dec 29 15:45:59 2012
75 Sat Dec 29 17:12:38 2012
76 Sat Dec 29 17:12:43 2012
77 Sat Dec 29 17:15:56 2012
78 Sat Dec 29 17:30:26 2012
79 Sat Dec 29 17:31:13 2012
80 Sat Dec 29 21:42:58 2012
80 Sat Dec 29 21:43:11 2012
81 Sat Dec 29 21:43:40 2012
81 Sat Dec 29 21:43:45 2012
82 Sat Dec 29 21:46:07 2012
82 Sat Dec 29 21:46:25 2012
83 Sat Dec 29 21:46:40 2012
84 Sun Dec 30 09:24:36 2012
85 Sun Dec 30 10:29:35 2012
86 Mon Jan 14 14:55:33 2013
87 Sat Feb 02 13:47:43 2013
88 Sat Feb 02 21:57:29 2013
89 Sat Feb 02 23:51:31 2013
90 Sun Feb 03 00:17:55 2013
91 Sun Feb 03 11:33:12 2013
92 Sun Feb 03 12:19:20 2013
93 Sun Feb 03 12:39:00 2013
94 Sun Feb 03 13:23:38 2013
95 Mon Feb 04 22:25:25 2013
96 Tue Feb 05 03:23:09 2013
97 Tue Feb 05 10:42:39 2013
98 Tue Feb 05 14:41:06 2013
99 Tue Feb 05 14:41:13 2013
100 Tue Feb 05 14:41:18 2013
101 Tue Feb 05 15:08:13 2013
102 Tue Feb 05 15:20:16 2013
103 Tue Feb 05 17:09:10 2013
104 Tue Feb 05 20:56:16 2013
105 Tue Feb 05 20:57:27 2013
106 Tue Feb 05 21:02:00 2013
107 Tue Feb 05 21:04:10 2013
108 Tue Feb 05 21:06:46 2013
109 Tue Feb 05 21:07:49 2013
110 Tue Feb 05 21:12:33 2013
111 Tue Feb 05 21:12:42 2013
112 Tue Feb 05 21:13:41 2013
113 Tue Feb 05 21:13:45 2013
114 Tue Feb 05 21:49:17 2013
115 Tue Feb 05 22:01:51 2013
116 Tue Feb 05 22:04:05 2013
117 Tue Feb 05 22:04:45 2013
118 Wed Feb 06 00:19:08 2013
119 Wed Feb 06 06:57:58 2013
120 Wed Feb 06 06:58:53 2013
121 Wed Feb 06 09:08:52 2013
122 Wed Feb 06 11:12:33 2013
123 Wed Feb 06 11:38:29 2013
124 Wed Feb 06 11:40:18 2013
125 Wed Feb 06 13:17:37 2013
126 Wed Feb 06 13:19:25 2013
127 Wed Feb 06 13:31:12 2013
128 Wed Feb 06 13:44:41 2013
129 Wed Feb 06 13:46:37 2013
130 Wed Feb 06 17:29:44 2013
131 Thu Feb 07 09:47:01 2013
132 Thu Feb 07 10:35:18 2013
133 Thu Feb 07 13:51:04 2013
134 Thu Feb 07 14:22:25 2013
135 Thu Feb 07 14:24:48 2013
136 Thu Feb 07 14:25:15 2013
137 Thu Feb 07 14:25:26 2013
138 Thu Feb 07 14:25:31 2013
139 Thu Feb 07 14:25:59 2013
140 Thu Feb 07 14:26:53 2013
141 Thu Feb 07 14:27:00 2013
142 Thu Feb 07 17:01:05 2013
143 Thu Feb 07 17:58:34 2013
144 Fri Feb 08 01:11:39 2013
145 Fri Feb 08 01:11:59 2013
146 Fri Feb 08 01:14:13 2013
147 Fri Feb 08 01:14:24 2013
148 Fri Feb 08 01:17:50 2013
149 Fri Feb 08 01:31:39 2013
150 Fri Feb 08 01:33:15 2013
151 Fri Feb 08 15:45:45 2013
152 Sat Feb 09 14:39:30 2013
153 Sat Feb 09 14:39:34 2013
154 Sun Feb 10 23:40:49 2013
155 Mon Feb 11 11:18:50 2013
156 Mon Feb 11 21:12:48 2013
157 Tue Feb 12 18:41:15 2013
158 Tue Feb 12 19:09:52 2013
159 Wed Feb 20 14:03:08 2013
160 Fri Mar 08 09:34:59 2013
161 Tue Oct 15 09:56:07 2013
